<?xml version="1.0" encoding="UTF-8" ?>
<testsuite errors="0" failures="0" hostname="Mx" name="net.sourceforge.tess4j.util.PdfUtilitiesTest" skipped="0" tests="5" time="1.42" timestamp="2016-02-15T13:50:25">
  <properties>
[...]
</properties>
  <testcase classname="net.sourceforge.tess4j.util.PdfUtilitiesTest" name="testSplitPdf" time="0.893" />
  <testcase classname="net.sourceforge.tess4j.util.PdfUtilitiesTest" name="testGetPdfPageCount" time="0.031" />
  <testcase classname="net.sourceforge.tess4j.util.PdfUtilitiesTest" name="testMergePdf" time="0.256" />
  <testcase classname="net.sourceforge.tess4j.util.PdfUtilitiesTest" name="testConvertPdf2Png" time="0.057" />
  <testcase classname="net.sourceforge.tess4j.util.PdfUtilitiesTest" name="testConvertPdf2Tiff" time="0.152" />
  <system-out><![CDATA[15:50:25.418 [main] INFO  n.s.tess4j.util.PdfUtilitiesTest - splitPdf
15:50:26.312 [main] INFO  n.s.tess4j.util.PdfUtilitiesTest - getPdfPageCount
15:50:26.345 [main] INFO  n.s.tess4j.util.PdfUtilitiesTest - mergePdf
15:50:26.603 [main] INFO  n.s.tess4j.util.PdfUtilitiesTest - convertPdf2Png
15:50:26.661 [main] INFO  n.s.tess4j.util.PdfUtilitiesTest - convertPdf2Tiff
]]></system-out>
  <system-err><![CDATA[]]></system-err>
</testsuite>
